                                 Started job on |	Sep 20 11:06:49
                             Started mapping on |	Sep 20 11:07:07
                                    Finished on |	Sep 20 11:07:55
       Mapping speed, Million of reads per hour |	938.29

                          Number of input reads |	12510479
                      Average input read length |	49
                                    UNIQUE READS:
                   Uniquely mapped reads number |	10705803
                        Uniquely mapped reads % |	85.57%
                          Average mapped length |	49.41
                       Number of splices: Total |	19925
            Number of splices: Annotated (sjdb) |	19609
                       Number of splices: GT/AG |	18246
                       Number of splices: GC/AG |	27
                       Number of splices: AT/AC |	544
               Number of splices: Non-canonical |	1108
                      Mismatch rate per base, % |	0.10%
                         Deletion rate per base |	0.00%
                        Deletion average length |	1.28
                        Insertion rate per base |	0.00%
                       Insertion average length |	1.06
                             MULTI-MAPPING READS:
        Number of reads mapped to multiple loci |	1095624
             % of reads mapped to multiple loci |	8.76%
        Number of reads mapped to too many loci |	589553
             % of reads mapped to too many loci |	4.71%
                                  UNMAPPED READS:
       % of reads unmapped: too many mismatches |	0.00%
                 % of reads unmapped: too short |	0.90%
                     % of reads unmapped: other |	0.06%
                                  CHIMERIC READS:
                       Number of chimeric reads |	0
                            % of chimeric reads |	0.00%
