                                 Started job on |	Sep 20 12:06:01
                             Started mapping on |	Sep 20 12:06:18
                                    Finished on |	Sep 20 12:07:00
       Mapping speed, Million of reads per hour |	938.12

                          Number of input reads |	10944689
                      Average input read length |	49
                                    UNIQUE READS:
                   Uniquely mapped reads number |	9199580
                        Uniquely mapped reads % |	84.06%
                          Average mapped length |	49.41
                       Number of splices: Total |	22879
            Number of splices: Annotated (sjdb) |	22610
                       Number of splices: GT/AG |	21903
                       Number of splices: GC/AG |	18
                       Number of splices: AT/AC |	264
               Number of splices: Non-canonical |	694
                      Mismatch rate per base, % |	0.10%
                         Deletion rate per base |	0.00%
                        Deletion average length |	1.27
                        Insertion rate per base |	0.00%
                       Insertion average length |	1.05
                             MULTI-MAPPING READS:
        Number of reads mapped to multiple loci |	1055301
             % of reads mapped to multiple loci |	9.64%
        Number of reads mapped to too many loci |	583997
             % of reads mapped to too many loci |	5.34%
                                  UNMAPPED READS:
       % of reads unmapped: too many mismatches |	0.00%
                 % of reads unmapped: too short |	0.93%
                     % of reads unmapped: other |	0.04%
                                  CHIMERIC READS:
                       Number of chimeric reads |	0
                            % of chimeric reads |	0.00%
