                                 Started job on |	Sep 20 11:34:26
                             Started mapping on |	Sep 20 11:34:43
                                    Finished on |	Sep 20 11:35:29
       Mapping speed, Million of reads per hour |	898.56

                          Number of input reads |	11481565
                      Average input read length |	49
                                    UNIQUE READS:
                   Uniquely mapped reads number |	9687723
                        Uniquely mapped reads % |	84.38%
                          Average mapped length |	49.41
                       Number of splices: Total |	16755
            Number of splices: Annotated (sjdb) |	16470
                       Number of splices: GT/AG |	15826
                       Number of splices: GC/AG |	28
                       Number of splices: AT/AC |	257
               Number of splices: Non-canonical |	644
                      Mismatch rate per base, % |	0.10%
                         Deletion rate per base |	0.00%
                        Deletion average length |	1.28
                        Insertion rate per base |	0.00%
                       Insertion average length |	1.05
                             MULTI-MAPPING READS:
        Number of reads mapped to multiple loci |	1070786
             % of reads mapped to multiple loci |	9.33%
        Number of reads mapped to too many loci |	608056
             % of reads mapped to too many loci |	5.30%
                                  UNMAPPED READS:
       % of reads unmapped: too many mismatches |	0.00%
                 % of reads unmapped: too short |	0.96%
                     % of reads unmapped: other |	0.05%
                                  CHIMERIC READS:
                       Number of chimeric reads |	0
                            % of chimeric reads |	0.00%
