Conda dependencies:
===================
fastp                     0.20.0               hd9629dc_0    bioconda
star                      2.7.1a                        0    bioconda
samtools                  1.9                 h7c4ea83_11    bioconda
bedtools                  2.28.0               h7fd0a75_0    bioconda
fastqc                    0.11.8                        1    bioconda
htseq                     0.11.2           py37h1702cab_1    bioconda
matplotlib                2.2.3                    py37_1    conda-forge
matplotlib-base           2.2.3            py37hd64abcd_1    conda-forge
pandas                    0.25.0           py37h86efe34_0    conda-forge
numpy                     1.16.4           py37h6b0580a_0    conda-forge
numpydoc                  0.9.1                    pypi_0    pypi
scipy                     1.3.0            py37hab3da7d_1    conda-forge
scikit-learn              0.21.1                   pypi_0    pypi
multiqc                   1.7                      pypi_0    pypi
xpressplot                0.2.0b0                  pypi_0    pypi
seaborn                   0.9.0                    pypi_0    pypi
R dependencies:
===================
DESeq2                                                       DESeq2      1.20.0
DESeq2                                   <NA>
dupRadar                                                   dupRadar      1.14.0
dupRadar                                 <NA>
riboWaltz                                                 riboWaltz       1.0.1
riboWaltz                                <NA>
