                                 Started job on |	Sep 20 12:01:53
                             Started mapping on |	Sep 20 12:02:10
                                    Finished on |	Sep 20 12:02:53
       Mapping speed, Million of reads per hour |	888.60

                          Number of input reads |	10613891
                      Average input read length |	49
                                    UNIQUE READS:
                   Uniquely mapped reads number |	8753786
                        Uniquely mapped reads % |	82.47%
                          Average mapped length |	49.42
                       Number of splices: Total |	15629
            Number of splices: Annotated (sjdb) |	15374
                       Number of splices: GT/AG |	12927
                       Number of splices: GC/AG |	20
                       Number of splices: AT/AC |	989
               Number of splices: Non-canonical |	1693
                      Mismatch rate per base, % |	0.10%
                         Deletion rate per base |	0.00%
                        Deletion average length |	1.26
                        Insertion rate per base |	0.00%
                       Insertion average length |	1.06
                             MULTI-MAPPING READS:
        Number of reads mapped to multiple loci |	776281
             % of reads mapped to multiple loci |	7.31%
        Number of reads mapped to too many loci |	970372
             % of reads mapped to too many loci |	9.14%
                                  UNMAPPED READS:
       % of reads unmapped: too many mismatches |	0.00%
                 % of reads unmapped: too short |	0.97%
                     % of reads unmapped: other |	0.10%
                                  CHIMERIC READS:
                       Number of chimeric reads |	0
                            % of chimeric reads |	0.00%
