                                 Started job on |	Sep 20 11:19:23
                             Started mapping on |	Sep 20 11:19:41
                                    Finished on |	Sep 20 11:20:28
       Mapping speed, Million of reads per hour |	905.52

                          Number of input reads |	11822073
                      Average input read length |	49
                                    UNIQUE READS:
                   Uniquely mapped reads number |	9920368
                        Uniquely mapped reads % |	83.91%
                          Average mapped length |	49.41
                       Number of splices: Total |	15583
            Number of splices: Annotated (sjdb) |	15307
                       Number of splices: GT/AG |	12963
                       Number of splices: GC/AG |	25
                       Number of splices: AT/AC |	952
               Number of splices: Non-canonical |	1643
                      Mismatch rate per base, % |	0.11%
                         Deletion rate per base |	0.00%
                        Deletion average length |	1.27
                        Insertion rate per base |	0.00%
                       Insertion average length |	1.05
                             MULTI-MAPPING READS:
        Number of reads mapped to multiple loci |	826775
             % of reads mapped to multiple loci |	6.99%
        Number of reads mapped to too many loci |	934340
             % of reads mapped to too many loci |	7.90%
                                  UNMAPPED READS:
       % of reads unmapped: too many mismatches |	0.00%
                 % of reads unmapped: too short |	1.11%
                     % of reads unmapped: other |	0.08%
                                  CHIMERIC READS:
                       Number of chimeric reads |	0
                            % of chimeric reads |	0.00%
