                                 Started job on |	Sep 20 11:47:27
                             Started mapping on |	Sep 20 11:47:44
                                    Finished on |	Sep 20 11:48:26
       Mapping speed, Million of reads per hour |	895.50

                          Number of input reads |	10447520
                      Average input read length |	49
                                    UNIQUE READS:
                   Uniquely mapped reads number |	8886786
                        Uniquely mapped reads % |	85.06%
                          Average mapped length |	49.42
                       Number of splices: Total |	15339
            Number of splices: Annotated (sjdb) |	15080
                       Number of splices: GT/AG |	14120
                       Number of splices: GC/AG |	16
                       Number of splices: AT/AC |	404
               Number of splices: Non-canonical |	799
                      Mismatch rate per base, % |	0.10%
                         Deletion rate per base |	0.00%
                        Deletion average length |	1.28
                        Insertion rate per base |	0.00%
                       Insertion average length |	1.05
                             MULTI-MAPPING READS:
        Number of reads mapped to multiple loci |	836758
             % of reads mapped to multiple loci |	8.01%
        Number of reads mapped to too many loci |	615320
             % of reads mapped to too many loci |	5.89%
                                  UNMAPPED READS:
       % of reads unmapped: too many mismatches |	0.00%
                 % of reads unmapped: too short |	0.98%
                     % of reads unmapped: other |	0.06%
                                  CHIMERIC READS:
                       Number of chimeric reads |	0
                            % of chimeric reads |	0.00%
