                                 Started job on |	Sep 20 12:01:18
                             Started mapping on |	Sep 20 12:01:35
                                    Finished on |	Sep 20 12:02:16
       Mapping speed, Million of reads per hour |	934.61

                          Number of input reads |	10644115
                      Average input read length |	49
                                    UNIQUE READS:
                   Uniquely mapped reads number |	9001153
                        Uniquely mapped reads % |	84.56%
                          Average mapped length |	49.41
                       Number of splices: Total |	24055
            Number of splices: Annotated (sjdb) |	23861
                       Number of splices: GT/AG |	22865
                       Number of splices: GC/AG |	11
                       Number of splices: AT/AC |	394
               Number of splices: Non-canonical |	785
                      Mismatch rate per base, % |	0.11%
                         Deletion rate per base |	0.00%
                        Deletion average length |	1.29
                        Insertion rate per base |	0.00%
                       Insertion average length |	1.05
                             MULTI-MAPPING READS:
        Number of reads mapped to multiple loci |	1008590
             % of reads mapped to multiple loci |	9.48%
        Number of reads mapped to too many loci |	525753
             % of reads mapped to too many loci |	4.94%
                                  UNMAPPED READS:
       % of reads unmapped: too many mismatches |	0.00%
                 % of reads unmapped: too short |	0.97%
                     % of reads unmapped: other |	0.05%
                                  CHIMERIC READS:
                       Number of chimeric reads |	0
                            % of chimeric reads |	0.00%
