                                 Started job on |	Sep 20 12:01:28
                             Started mapping on |	Sep 20 12:01:43
                                    Finished on |	Sep 20 12:02:26
       Mapping speed, Million of reads per hour |	866.60

                          Number of input reads |	10351006
                      Average input read length |	49
                                    UNIQUE READS:
                   Uniquely mapped reads number |	8789073
                        Uniquely mapped reads % |	84.91%
                          Average mapped length |	49.41
                       Number of splices: Total |	15164
            Number of splices: Annotated (sjdb) |	14885
                       Number of splices: GT/AG |	13509
                       Number of splices: GC/AG |	20
                       Number of splices: AT/AC |	567
               Number of splices: Non-canonical |	1068
                      Mismatch rate per base, % |	0.10%
                         Deletion rate per base |	0.00%
                        Deletion average length |	1.27
                        Insertion rate per base |	0.00%
                       Insertion average length |	1.06
                             MULTI-MAPPING READS:
        Number of reads mapped to multiple loci |	810258
             % of reads mapped to multiple loci |	7.83%
        Number of reads mapped to too many loci |	634380
             % of reads mapped to too many loci |	6.13%
                                  UNMAPPED READS:
       % of reads unmapped: too many mismatches |	0.00%
                 % of reads unmapped: too short |	1.07%
                     % of reads unmapped: other |	0.07%
                                  CHIMERIC READS:
                       Number of chimeric reads |	0
                            % of chimeric reads |	0.00%
