                                 Started job on |	Sep 20 12:17:15
                             Started mapping on |	Sep 20 12:17:33
                                    Finished on |	Sep 20 12:18:19
       Mapping speed, Million of reads per hour |	958.86

                          Number of input reads |	12252050
                      Average input read length |	49
                                    UNIQUE READS:
                   Uniquely mapped reads number |	10442138
                        Uniquely mapped reads % |	85.23%
                          Average mapped length |	49.42
                       Number of splices: Total |	18539
            Number of splices: Annotated (sjdb) |	18236
                       Number of splices: GT/AG |	16755
                       Number of splices: GC/AG |	16
                       Number of splices: AT/AC |	608
               Number of splices: Non-canonical |	1160
                      Mismatch rate per base, % |	0.10%
                         Deletion rate per base |	0.00%
                        Deletion average length |	1.27
                        Insertion rate per base |	0.00%
                       Insertion average length |	1.05
                             MULTI-MAPPING READS:
        Number of reads mapped to multiple loci |	959005
             % of reads mapped to multiple loci |	7.83%
        Number of reads mapped to too many loci |	726631
             % of reads mapped to too many loci |	5.93%
                                  UNMAPPED READS:
       % of reads unmapped: too many mismatches |	0.00%
                 % of reads unmapped: too short |	0.95%
                     % of reads unmapped: other |	0.06%
                                  CHIMERIC READS:
                       Number of chimeric reads |	0
                            % of chimeric reads |	0.00%
