                                 Started job on |	Sep 20 12:17:01
                             Started mapping on |	Sep 20 12:17:19
                                    Finished on |	Sep 20 12:18:06
       Mapping speed, Million of reads per hour |	941.01

                          Number of input reads |	12285435
                      Average input read length |	49
                                    UNIQUE READS:
                   Uniquely mapped reads number |	10446459
                        Uniquely mapped reads % |	85.03%
                          Average mapped length |	49.41
                       Number of splices: Total |	18811
            Number of splices: Annotated (sjdb) |	18471
                       Number of splices: GT/AG |	17446
                       Number of splices: GC/AG |	20
                       Number of splices: AT/AC |	425
               Number of splices: Non-canonical |	920
                      Mismatch rate per base, % |	0.10%
                         Deletion rate per base |	0.00%
                        Deletion average length |	1.28
                        Insertion rate per base |	0.00%
                       Insertion average length |	1.05
                             MULTI-MAPPING READS:
        Number of reads mapped to multiple loci |	1100703
             % of reads mapped to multiple loci |	8.96%
        Number of reads mapped to too many loci |	617530
             % of reads mapped to too many loci |	5.03%
                                  UNMAPPED READS:
       % of reads unmapped: too many mismatches |	0.00%
                 % of reads unmapped: too short |	0.93%
                     % of reads unmapped: other |	0.05%
                                  CHIMERIC READS:
                       Number of chimeric reads |	0
                            % of chimeric reads |	0.00%
