                                 Started job on |	Sep 20 11:06:24
                             Started mapping on |	Sep 20 11:06:43
                                    Finished on |	Sep 20 11:07:36
       Mapping speed, Million of reads per hour |	918.63

                          Number of input reads |	13524208
                      Average input read length |	49
                                    UNIQUE READS:
                   Uniquely mapped reads number |	11221782
                        Uniquely mapped reads % |	82.98%
                          Average mapped length |	49.41
                       Number of splices: Total |	27560
            Number of splices: Annotated (sjdb) |	27248
                       Number of splices: GT/AG |	26036
                       Number of splices: GC/AG |	12
                       Number of splices: AT/AC |	468
               Number of splices: Non-canonical |	1044
                      Mismatch rate per base, % |	0.10%
                         Deletion rate per base |	0.00%
                        Deletion average length |	1.27
                        Insertion rate per base |	0.00%
                       Insertion average length |	1.05
                             MULTI-MAPPING READS:
        Number of reads mapped to multiple loci |	1305952
             % of reads mapped to multiple loci |	9.66%
        Number of reads mapped to too many loci |	861632
             % of reads mapped to too many loci |	6.37%
                                  UNMAPPED READS:
       % of reads unmapped: too many mismatches |	0.00%
                 % of reads unmapped: too short |	0.93%
                     % of reads unmapped: other |	0.07%
                                  CHIMERIC READS:
                       Number of chimeric reads |	0
                            % of chimeric reads |	0.00%
